Added Component: Designator=U2(XL1278-DO1)
Added Component: Designator=U3(XL1278-DO1)
Added Pin To Net: NetName=ANT2 Pin=U2-1
Added Pin To Net: NetName=GND Pin=U2-2
Added Pin To Net: NetName=GND Pin=U2-3
Added Pin To Net: NetName=DIO8 Pin=U2-4
Added Pin To Net: NetName=DIO9 Pin=U2-5
Added Pin To Net: NetName=DIO10 Pin=U2-6
Added Pin To Net: NetName=DIO11 Pin=U2-7
Added Pin To Net: NetName=DIO12 Pin=U2-8
Added Pin To Net: NetName=GND Pin=U2-9
Added Pin To Net: NetName=VCC Pin=U2-10
Added Pin To Net: NetName=DIO7 Pin=U2-11
Added Pin To Net: NetName=RF2_REST Pin=U2-12
Added Pin To Net: NetName=SPI2_SCK Pin=U2-13
Added Pin To Net: NetName=SPI2_MISO Pin=U2-14
Added Pin To Net: NetName=SPI2_MOSI Pin=U2-15
Added Pin To Net: NetName=SPI2_NSS Pin=U2-16
Added Pin To Net: NetName=ANT1 Pin=U3-1
Added Pin To Net: NetName=GND Pin=U3-2
Added Pin To Net: NetName=GND Pin=U3-3
Added Pin To Net: NetName=DIO1 Pin=U3-4
Added Pin To Net: NetName=DIO2 Pin=U3-5
Added Pin To Net: NetName=DIO3 Pin=U3-6
Added Pin To Net: NetName=DIO4 Pin=U3-7
Added Pin To Net: NetName=DIO5 Pin=U3-8
Added Pin To Net: NetName=GND Pin=U3-9
Added Pin To Net: NetName=VCC Pin=U3-10
Added Pin To Net: NetName=DIO0 Pin=U3-11
Added Pin To Net: NetName=RF1_REST Pin=U3-12
Added Pin To Net: NetName=SPI1_SCK Pin=U3-13
Added Pin To Net: NetName=SPI1_MISO Pin=U3-14
Added Pin To Net: NetName=SPI1_MOSI Pin=U3-15
Added Pin To Net: NetName=SPI1_NSS Pin=U3-16
Added Member To Class: ClassName=Sheet1 Member=Component U2 XL1276-D01
Added Member To Class: ClassName=Sheet1 Member=Component U3 XL1276-D01
